	Command being timed: "/opt/paragraph/bin/multigrmpy.py -m samples_for_paragraph.txt -i hgsvc-truth-baseline.vcf.gz -r hg38.fa -t 32 -o paragraph_out"
	User time (seconds): 117050.23
	System time (seconds): 284.98
	Percent of CPU this job got: 2562%
	Elapsed (wall clock) time (h:mm:ss or m:ss): 1:16:18
	Average shared text size (kbytes): 0
	Average unshared data size (kbytes): 0
	Average stack size (kbytes): 0
	Average total size (kbytes): 0
	Maximum resident set size (kbytes): 6163976
	Average resident set size (kbytes): 0
	Major (requiring I/O) page faults: 0
	Minor (reclaiming a frame) page faults: 5641832
	Voluntary context switches: 1201833
	Involuntary context switches: 318802
	Swaps: 0
	File system inputs: 8
	File system outputs: 2479312
	Socket messages sent: 0
	Socket messages received: 0
	Signals delivered: 0
	Page size (bytes): 4096
	Exit status: 0
