	Command being timed: "delly call -g hg38.fa -v hgsvc-truth-baseline.vcf.gz -o temp.bcf HG00514.bam"
	User time (seconds): 3514.86
	System time (seconds): 682.41
	Percent of CPU this job got: 100%
	Elapsed (wall clock) time (h:mm:ss or m:ss): 1:09:56
	Average shared text size (kbytes): 0
	Average unshared data size (kbytes): 0
	Average stack size (kbytes): 0
	Average total size (kbytes): 0
	Maximum resident set size (kbytes): 72560816
	Average resident set size (kbytes): 0
	Major (requiring I/O) page faults: 0
	Minor (reclaiming a frame) page faults: 338259426
	Voluntary context switches: 148
	Involuntary context switches: 4758
	Swaps: 0
	File system inputs: 0
	File system outputs: 20608
	Socket messages sent: 0
	Socket messages received: 0
	Signals delivered: 0
	Page size (bytes): 4096
	Exit status: 0
