	Command being timed: "sh run_bayestyper.sh"
	User time (seconds): 100379.19
	System time (seconds): 375.76
	Percent of CPU this job got: 1770%
	Elapsed (wall clock) time (h:mm:ss or m:ss): 1:34:52
	Average shared text size (kbytes): 0
	Average unshared data size (kbytes): 0
	Average stack size (kbytes): 0
	Average total size (kbytes): 0
	Maximum resident set size (kbytes): 124357948
	Average resident set size (kbytes): 0
	Major (requiring I/O) page faults: 1
	Minor (reclaiming a frame) page faults: 78176340
	Voluntary context switches: 16069259
	Involuntary context switches: 52202
	Swaps: 0
	File system inputs: 37712432
	File system outputs: 284549424
	Socket messages sent: 0
	Socket messages received: 0
	Signals delivered: 0
	Page size (bytes): 4096
	Exit status: 0
